<?xml version="1.0" encoding="UTF-8"?>
<testsuite name="LinearBinarySearchTester" tests="4" skipped="0" failures="0" errors="0" timestamp="2026-03-20T17:15:06.315Z" hostname="codespaces-cc6986" time="0.028">
  <properties/>
  <testcase name="recursiveBinary()" classname="LinearBinarySearchTester" time="0.019"/>
  <testcase name="binarySearch()" classname="LinearBinarySearchTester" time="0.001"/>
  <testcase name="linear1()" classname="LinearBinarySearchTester" time="0.001"/>
  <testcase name="recursivelinear()" classname="LinearBinarySearchTester" time="0.001"/>
  <system-out><![CDATA[]]></system-out>
  <system-err><![CDATA[]]></system-err>
</testsuite>
